app/build/intermediates/manifest_merge_blame_file/debug/processDebugMainManifest/manifest-merger-blame-debug-report.txt
1<?xml version="1.0" encoding="utf-8"?>
2<manifest xmlns:android="http://schemas.android.com/apk/res/android"
3    package="com.arcaneia.spendwise"
4    android:versionCode="1"
5    android:versionName="1.0" >
6
7    <uses-sdk
8        android:minSdkVersion="34"
9        android:targetSdkVersion="36" />
10
11    <uses-permission android:name="android.permission.POST_NOTIFICATIONS" />
11-->src\main\AndroidManifest.xml:6:5-77
11-->src\main\AndroidManifest.xml:6:22-74
12    <uses-permission android:name="android.permission.USE_BIOMETRIC" /> <!-- suppress DeprecatedClassUsageInspection -->
12-->[androidx.biometric:biometric:1.2.0-alpha05] AndroidManifest.xml:22:5-72
12-->[androidx.biometric:biometric:1.2.0-alpha05] AndroidManifest.xml:22:22-69
13    <uses-permission android:name="android.permission.USE_FINGERPRINT" />
13-->[androidx.biometric:biometric:1.2.0-alpha05] AndroidManifest.xml:25:5-74
13-->[androidx.biometric:biometric:1.2.0-alpha05] AndroidManifest.xml:25:22-71
14    <uses-permission android:name="android.permission.WAKE_LOCK" />
14-->[androidx.work:work-runtime:2.11.0] AndroidManifest.xml:23:5-68
14-->[androidx.work:work-runtime:2.11.0] AndroidManifest.xml:23:22-65
15    <uses-permission android:name="android.permission.ACCESS_NETWORK_STATE" />
15-->[androidx.work:work-runtime:2.11.0] AndroidManifest.xml:24:5-79
15-->[androidx.work:work-runtime:2.11.0] AndroidManifest.xml:24:22-76
16    <uses-permission android:name="android.permission.RECEIVE_BOOT_COMPLETED" />
16-->[androidx.work:work-runtime:2.11.0] AndroidManifest.xml:25:5-81
16-->[androidx.work:work-runtime:2.11.0] AndroidManifest.xml:25:22-78
17    <uses-permission android:name="android.permission.FOREGROUND_SERVICE" />
17-->[androidx.work:work-runtime:2.11.0] AndroidManifest.xml:26:5-77
17-->[androidx.work:work-runtime:2.11.0] AndroidManifest.xml:26:22-74
18
19    <permission
19-->[androidx.core:core:1.17.0] AndroidManifest.xml:22:5-24:47
20        android:name="com.arcaneia.spendwise.DYNAMIC_RECEIVER_NOT_EXPORTED_PERMISSION"
20-->[androidx.core:core:1.17.0] AndroidManifest.xml:23:9-81
21        android:protectionLevel="signature" />
21-->[androidx.core:core:1.17.0] AndroidManifest.xml:24:9-44
22
23    <uses-permission android:name="com.arcaneia.spendwise.DYNAMIC_RECEIVER_NOT_EXPORTED_PERMISSION" />
23-->[androidx.core:core:1.17.0] AndroidManifest.xml:26:5-97
23-->[androidx.core:core:1.17.0] AndroidManifest.xml:26:22-94
24    <uses-permission android:name="android.permission.INTERNET" />
24-->[com.squareup.okhttp3:okhttp-android:5.3.2] AndroidManifest.xml:8:5-67
24-->[com.squareup.okhttp3:okhttp-android:5.3.2] AndroidManifest.xml:8:22-64
25
26    <application
26-->src\main\AndroidManifest.xml:8:5-29:19
27        android:name="com.arcaneia.spendwise.SpendWiseApp"
27-->src\main\AndroidManifest.xml:9:9-37
28        android:allowBackup="true"
28-->src\main\AndroidManifest.xml:10:9-35
29        android:appComponentFactory="androidx.core.app.CoreComponentFactory"
29-->[androidx.core:core:1.17.0] AndroidManifest.xml:28:18-86
30        android:dataExtractionRules="@xml/data_extraction_rules"
30-->src\main\AndroidManifest.xml:11:9-65
31        android:debuggable="true"
32        android:extractNativeLibs="false"
33        android:fullBackupContent="@xml/backup_rules"
33-->src\main\AndroidManifest.xml:12:9-54
34        android:icon="@mipmap/ic_launcher_spendwise"
34-->src\main\AndroidManifest.xml:13:9-53
35        android:label="@string/app_name"
35-->src\main\AndroidManifest.xml:14:9-41
36        android:roundIcon="@mipmap/ic_launcher_spendwise_round"
36-->src\main\AndroidManifest.xml:15:9-64
37        android:supportsRtl="true"
37-->src\main\AndroidManifest.xml:16:9-35
38        android:theme="@style/Theme.SpendWise" >
38-->src\main\AndroidManifest.xml:17:9-47
39        <activity
39-->src\main\AndroidManifest.xml:18:9-28:20
40            android:name="com.arcaneia.spendwise.MainActivity"
40-->src\main\AndroidManifest.xml:19:13-41
41            android:exported="true"
41-->src\main\AndroidManifest.xml:20:13-36
42            android:label="@string/app_name"
42-->src\main\AndroidManifest.xml:21:13-45
43            android:theme="@style/Theme.SpendWise" >
43-->src\main\AndroidManifest.xml:22:13-51
44            <intent-filter>
44-->src\main\AndroidManifest.xml:23:13-27:29
45                <action android:name="android.intent.action.MAIN" />
45-->src\main\AndroidManifest.xml:24:17-69
45-->src\main\AndroidManifest.xml:24:25-66
46
47                <category android:name="android.intent.category.LAUNCHER" />
47-->src\main\AndroidManifest.xml:26:17-77
47-->src\main\AndroidManifest.xml:26:27-74
48            </intent-filter>
49        </activity>
50        <activity
50-->[androidx.compose.ui:ui-test-manifest:1.9.4] AndroidManifest.xml:23:9-26:79
51            android:name="androidx.activity.ComponentActivity"
51-->[androidx.compose.ui:ui-test-manifest:1.9.4] AndroidManifest.xml:24:13-63
52            android:exported="true"
52-->[androidx.compose.ui:ui-test-manifest:1.9.4] AndroidManifest.xml:25:13-36
53            android:theme="@android:style/Theme.Material.Light.NoActionBar" />
53-->[androidx.compose.ui:ui-test-manifest:1.9.4] AndroidManifest.xml:26:13-76
54        <activity
54-->[androidx.compose.ui:ui-tooling-android:1.9.4] AndroidManifest.xml:23:9-25:39
55            android:name="androidx.compose.ui.tooling.PreviewActivity"
55-->[androidx.compose.ui:ui-tooling-android:1.9.4] AndroidManifest.xml:24:13-71
56            android:exported="true" />
56-->[androidx.compose.ui:ui-tooling-android:1.9.4] AndroidManifest.xml:25:13-36
57
58        <provider
58-->[androidx.work:work-runtime:2.11.0] AndroidManifest.xml:29:9-37:20
59            android:name="androidx.startup.InitializationProvider"
59-->[androidx.work:work-runtime:2.11.0] AndroidManifest.xml:30:13-67
60            android:authorities="com.arcaneia.spendwise.androidx-startup"
60-->[androidx.work:work-runtime:2.11.0] AndroidManifest.xml:31:13-68
61            android:exported="false" >
61-->[androidx.work:work-runtime:2.11.0] AndroidManifest.xml:32:13-37
62            <meta-data
62-->[androidx.work:work-runtime:2.11.0] AndroidManifest.xml:34:13-36:52
63                android:name="androidx.work.WorkManagerInitializer"
63-->[androidx.work:work-runtime:2.11.0] AndroidManifest.xml:35:17-68
64                android:value="androidx.startup" />
64-->[androidx.work:work-runtime:2.11.0] AndroidManifest.xml:36:17-49
65            <meta-data
65-->[androidx.emoji2:emoji2:1.4.0] AndroidManifest.xml:29:13-31:52
66                android:name="androidx.emoji2.text.EmojiCompatInitializer"
66-->[androidx.emoji2:emoji2:1.4.0] AndroidManifest.xml:30:17-75
67                android:value="androidx.startup" />
67-->[androidx.emoji2:emoji2:1.4.0] AndroidManifest.xml:31:17-49
68            <meta-data
68-->[androidx.lifecycle:lifecycle-process:2.10.0] AndroidManifest.xml:29:13-31:52
69                android:name="androidx.lifecycle.ProcessLifecycleInitializer"
69-->[androidx.lifecycle:lifecycle-process:2.10.0] AndroidManifest.xml:30:17-78
70                android:value="androidx.startup" />
70-->[androidx.lifecycle:lifecycle-process:2.10.0] AndroidManifest.xml:31:17-49
71            <meta-data
71-->[com.squareup.okhttp3:okhttp-android:5.3.2] AndroidManifest.xml:16:13-18:52
72                android:name="okhttp3.internal.platform.PlatformInitializer"
72-->[com.squareup.okhttp3:okhttp-android:5.3.2] AndroidManifest.xml:17:17-77
73                android:value="androidx.startup" />
73-->[com.squareup.okhttp3:okhttp-android:5.3.2] AndroidManifest.xml:18:17-49
74            <meta-data
74-->[androidx.profileinstaller:profileinstaller:1.4.0] AndroidManifest.xml:29:13-31:52
75                android:name="androidx.profileinstaller.ProfileInstallerInitializer"
75-->[androidx.profileinstaller:profileinstaller:1.4.0] AndroidManifest.xml:30:17-85
76                android:value="androidx.startup" />
76-->[androidx.profileinstaller:profileinstaller:1.4.0] AndroidManifest.xml:31:17-49
77        </provider>
78
79        <service
79-->[androidx.work:work-runtime:2.11.0] AndroidManifest.xml:39:9-45:35
80            android:name="androidx.work.impl.background.systemjob.SystemJobService"
80-->[androidx.work:work-runtime:2.11.0] AndroidManifest.xml:40:13-84
81            android:directBootAware="false"
81-->[androidx.work:work-runtime:2.11.0] AndroidManifest.xml:41:13-44
82            android:enabled="@bool/enable_system_job_service_default"
82-->[androidx.work:work-runtime:2.11.0] AndroidManifest.xml:42:13-70
83            android:exported="true"
83-->[androidx.work:work-runtime:2.11.0] AndroidManifest.xml:43:13-36
84            android:permission="android.permission.BIND_JOB_SERVICE" />
84-->[androidx.work:work-runtime:2.11.0] AndroidManifest.xml:44:13-69
85        <service
85-->[androidx.work:work-runtime:2.11.0] AndroidManifest.xml:46:9-52:35
86            android:name="androidx.work.impl.foreground.SystemForegroundService"
86-->[androidx.work:work-runtime:2.11.0] AndroidManifest.xml:47:13-81
87            android:directBootAware="false"
87-->[androidx.work:work-runtime:2.11.0] AndroidManifest.xml:48:13-44
88            android:enabled="@bool/enable_system_foreground_service_default"
88-->[androidx.work:work-runtime:2.11.0] AndroidManifest.xml:49:13-77
89            android:exported="false" />
89-->[androidx.work:work-runtime:2.11.0] AndroidManifest.xml:50:13-37
90
91        <receiver
91-->[androidx.work:work-runtime:2.11.0] AndroidManifest.xml:54:9-59:35
92            android:name="androidx.work.impl.utils.ForceStopRunnable$BroadcastReceiver"
92-->[androidx.work:work-runtime:2.11.0] AndroidManifest.xml:55:13-88
93            android:directBootAware="false"
93-->[androidx.work:work-runtime:2.11.0] AndroidManifest.xml:56:13-44
94            android:enabled="true"
94-->[androidx.work:work-runtime:2.11.0] AndroidManifest.xml:57:13-35
95            android:exported="false" />
95-->[androidx.work:work-runtime:2.11.0] AndroidManifest.xml:58:13-37
96        <receiver
96-->[androidx.work:work-runtime:2.11.0] AndroidManifest.xml:60:9-69:20
97            android:name="androidx.work.impl.background.systemalarm.RescheduleReceiver"
97-->[androidx.work:work-runtime:2.11.0] AndroidManifest.xml:61:13-88
98            android:directBootAware="false"
98-->[androidx.work:work-runtime:2.11.0] AndroidManifest.xml:62:13-44
99            android:enabled="false"
99-->[androidx.work:work-runtime:2.11.0] AndroidManifest.xml:63:13-36
100            android:exported="false" >
100-->[androidx.work:work-runtime:2.11.0] AndroidManifest.xml:64:13-37
101            <intent-filter>
101-->[androidx.work:work-runtime:2.11.0] AndroidManifest.xml:66:13-68:29
102                <action android:name="android.intent.action.BOOT_COMPLETED" />
102-->[androidx.work:work-runtime:2.11.0] AndroidManifest.xml:67:17-79
102-->[androidx.work:work-runtime:2.11.0] AndroidManifest.xml:67:25-76
103            </intent-filter>
104        </receiver>
105        <receiver
105-->[androidx.work:work-runtime:2.11.0] AndroidManifest.xml:70:9-80:20
106            android:name="androidx.work.impl.diagnostics.DiagnosticsReceiver"
106-->[androidx.work:work-runtime:2.11.0] AndroidManifest.xml:71:13-78
107            android:directBootAware="false"
107-->[androidx.work:work-runtime:2.11.0] AndroidManifest.xml:72:13-44
108            android:enabled="true"
108-->[androidx.work:work-runtime:2.11.0] AndroidManifest.xml:73:13-35
109            android:exported="true"
109-->[androidx.work:work-runtime:2.11.0] AndroidManifest.xml:74:13-36
110            android:permission="android.permission.DUMP" >
110-->[androidx.work:work-runtime:2.11.0] AndroidManifest.xml:75:13-57
111            <intent-filter>
111-->[androidx.work:work-runtime:2.11.0] AndroidManifest.xml:77:13-79:29
112                <action android:name="androidx.work.diagnostics.REQUEST_DIAGNOSTICS" />
112-->[androidx.work:work-runtime:2.11.0] AndroidManifest.xml:78:17-88
112-->[androidx.work:work-runtime:2.11.0] AndroidManifest.xml:78:25-85
113            </intent-filter>
114        </receiver>
115
116        <service
116-->[androidx.room:room-runtime-android:2.8.4] AndroidManifest.xml:24:9-28:63
117            android:name="androidx.room.MultiInstanceInvalidationService"
117-->[androidx.room:room-runtime-android:2.8.4] AndroidManifest.xml:25:13-74
118            android:directBootAware="true"
118-->[androidx.room:room-runtime-android:2.8.4] AndroidManifest.xml:26:13-43
119            android:exported="false" />
119-->[androidx.room:room-runtime-android:2.8.4] AndroidManifest.xml:27:13-37
120
121        <receiver
121-->[androidx.profileinstaller:profileinstaller:1.4.0] AndroidManifest.xml:34:9-52:20
122            android:name="androidx.profileinstaller.ProfileInstallReceiver"
122-->[androidx.profileinstaller:profileinstaller:1.4.0] AndroidManifest.xml:35:13-76
123            android:directBootAware="false"
123-->[androidx.profileinstaller:profileinstaller:1.4.0] AndroidManifest.xml:36:13-44
124            android:enabled="true"
124-->[androidx.profileinstaller:profileinstaller:1.4.0] AndroidManifest.xml:37:13-35
125            android:exported="true"
125-->[androidx.profileinstaller:profileinstaller:1.4.0] AndroidManifest.xml:38:13-36
126            android:permission="android.permission.DUMP" >
126-->[androidx.profileinstaller:profileinstaller:1.4.0] AndroidManifest.xml:39:13-57
127            <intent-filter>
127-->[androidx.profileinstaller:profileinstaller:1.4.0] AndroidManifest.xml:40:13-42:29
128                <action android:name="androidx.profileinstaller.action.INSTALL_PROFILE" />
128-->[androidx.profileinstaller:profileinstaller:1.4.0] AndroidManifest.xml:41:17-91
128-->[androidx.profileinstaller:profileinstaller:1.4.0] AndroidManifest.xml:41:25-88
129            </intent-filter>
130            <intent-filter>
130-->[androidx.profileinstaller:profileinstaller:1.4.0] AndroidManifest.xml:43:13-45:29
131                <action android:name="androidx.profileinstaller.action.SKIP_FILE" />
131-->[androidx.profileinstaller:profileinstaller:1.4.0] AndroidManifest.xml:44:17-85
131-->[androidx.profileinstaller:profileinstaller:1.4.0] AndroidManifest.xml:44:25-82
132            </intent-filter>
133            <intent-filter>
133-->[androidx.profileinstaller:profileinstaller:1.4.0] AndroidManifest.xml:46:13-48:29
134                <action android:name="androidx.profileinstaller.action.SAVE_PROFILE" />
134-->[androidx.profileinstaller:profileinstaller:1.4.0] AndroidManifest.xml:47:17-88
134-->[androidx.profileinstaller:profileinstaller:1.4.0] AndroidManifest.xml:47:25-85
135            </intent-filter>
136            <intent-filter>
136-->[androidx.profileinstaller:profileinstaller:1.4.0] AndroidManifest.xml:49:13-51:29
137                <action android:name="androidx.profileinstaller.action.BENCHMARK_OPERATION" />
137-->[androidx.profileinstaller:profileinstaller:1.4.0] AndroidManifest.xml:50:17-95
137-->[androidx.profileinstaller:profileinstaller:1.4.0] AndroidManifest.xml:50:25-92
138            </intent-filter>
139        </receiver>
140    </application>
141
142</manifest>